[ 2016-04-13 23:00:15.5098786 +0800 CST ] Recovery abort:open c:\users\inszva\monkeydb2\data\image\count: The system cannot find the file specified.
[ 2016-04-13 23:00:15.5198465 +0800 CST ] Tables recovery interrupt with an error :open c:\users\inszva\monkeydb2\data\tables.json: The system cannot find the file specified.
[ 2016-04-13 23:00:44.9023953 +0800 CST ] Begin Restore.
[ 2016-04-13 23:00:44.907395 +0800 CST ] Save image table to file.
[ 2016-04-13 23:03:50.3709666 +0800 CST ] Recovery 3 image files.
[ 2016-04-13 23:27:54.6381319 +0800 CST ] Recovery abort:open c:\users\inszva\monkeydb2\data\image\count: The system cannot find the file specified.
[ 2016-04-13 23:27:54.6511164 +0800 CST ] Tables recovery interrupt with an error :open c:\users\inszva\monkeydb2\data\tables.json: The system cannot find the file specified.
[ 2016-04-13 23:28:33.7114033 +0800 CST ] Get Signal:interrupt, Safe Exiting...
[ 2016-04-13 23:28:33.7133967 +0800 CST ] Begin Restore.
[ 2016-04-13 23:28:33.7164147 +0800 CST ] Save image table to file.
[ 2016-04-13 23:30:42.6821285 +0800 CST ] Recovery abort:open c:\users\inszva\monkeydb2\data\image\count: The system cannot find the file specified.
[ 2016-04-13 23:30:42.6941286 +0800 CST ] Tables recovery interrupt with an error :open c:\users\inszva\monkeydb2\data\tables.json: The system cannot find the file specified.
[ 2016-04-13 23:31:23.4306707 +0800 CST ] Begin Restore.
[ 2016-04-13 23:31:23.4326721 +0800 CST ] Save image table to file.
[ 2016-04-13 23:43:50.3087791 +0800 CST ] Recovery abort:open c:\users\inszva\monkeydb2\data\image\count: The system cannot find the file specified.
[ 2016-04-13 23:43:50.3447807 +0800 CST ] Tables recovery interrupt with an error :open c:\users\inszva\monkeydb2\data\tables.json: The system cannot find the file specified.
[ 2016-04-13 23:44:14.8658711 +0800 CST ] Begin Restore.
[ 2016-04-13 23:44:14.8708699 +0800 CST ] Save image table to file.
[ 2016-04-13 23:49:03.7487414 +0800 CST ] Recovery 3 image files.
[ 2016-04-13 23:49:03.7737429 +0800 CST ] Recovery 1 Tables.
[ 2016-04-13 23:49:47.9944961 +0800 CST ] Begin Restore.
[ 2016-04-13 23:49:47.9985052 +0800 CST ] Save image table to file.
[ 2016-04-13 23:54:15.4389298 +0800 CST ] Recovery 3 image files.
[ 2016-04-13 23:54:15.477903 +0800 CST ] Recovery 1 Tables.
[ 2016-04-13 23:54:36.9504357 +0800 CST ] Begin Restore.
[ 2016-04-13 23:54:36.9544359 +0800 CST ] Save image table to file.
[ 2016-04-13 23:54:46.2966812 +0800 CST ] Recovery 3 image files.
[ 2016-04-13 23:54:46.3196916 +0800 CST ] Recovery 1 Tables.
[ 2016-04-13 23:55:50.975443 +0800 CST ] Begin Restore.
[ 2016-04-13 23:55:50.9794423 +0800 CST ] Save image table to file.
[ 2016-04-14 12:36:55.8965421 +0800 CST ] Recovery 3 image files.
[ 2016-04-14 12:36:55.8965421 +0800 CST ] Recovery 1 Tables.
[ 2016-04-14 12:37:25.4337012 +0800 CST ] Begin Restore.
[ 2016-04-14 12:37:29.403263 +0800 CST ] Recovery 3 image files.
[ 2016-04-14 12:37:29.403263 +0800 CST ] Recovery 1 Tables.
[ 2016-04-14 12:37:42.0308135 +0800 CST ] Begin Restore.
[ 2016-04-15 00:23:06.7213202 +0800 CST ] Recovery 3 image files.
[ 2016-04-15 00:23:06.7368845 +0800 CST ] Recovery 1 Tables.
[ 2016-04-15 21:48:25.9890766 +0800 CST ] Recovery 3 image files.
[ 2016-04-15 21:48:26.0000913 +0800 CST ] Recovery 1 Tables.
[ 2016-04-15 21:48:59.7163422 +0800 CST ] Begin Restore.
[ 2016-04-15 21:48:59.71734 +0800 CST ] Save image table to file.
[ 2016-04-15 21:49:46.6924344 +0800 CST ] Recovery 5 image files.
[ 2016-04-15 21:49:46.7044131 +0800 CST ] Recovery 2 Tables.
[ 2016-04-15 21:50:04.7951082 +0800 CST ] Begin Restore.
[ 2016-04-15 21:50:04.7971074 +0800 CST ] Save image table to file.
[ 2016-04-15 22:07:11.718029 +0800 CST ] Recovery 5 image files.
[ 2016-04-15 22:07:11.728029 +0800 CST ] Recovery 2 Tables.
[ 2016-04-15 22:07:31.1808127 +0800 CST ] Begin Restore.
[ 2016-04-15 22:07:31.1828141 +0800 CST ] Save image table to file.
[ 2016-04-15 22:07:35.710121 +0800 CST ] Recovery 5 image files.
[ 2016-04-15 22:07:35.7211157 +0800 CST ] Recovery 2 Tables.
[ 2016-04-15 22:08:20.3923797 +0800 CST ] Begin Restore.
[ 2016-04-15 22:08:20.3943803 +0800 CST ] Save image table to file.
[ 2016-04-16 17:24:59.7099178 +0800 CST ] Recovery 5 image files.
[ 2016-04-16 17:24:59.7459386 +0800 CST ] Recovery 2 Tables.
[ 2016-04-16 17:31:05.2144066 +0800 CST ] Begin Restore.
[ 2016-04-16 17:31:05.2154062 +0800 CST ] Save image table to file.
[ 2016-04-16 17:31:17.4154016 +0800 CST ] Recovery 5 image files.
[ 2016-04-16 17:31:17.4264141 +0800 CST ] Recovery 2 Tables.
[ 2016-04-16 17:32:32.4981138 +0800 CST ] Begin Restore.
[ 2016-04-16 17:32:32.4991143 +0800 CST ] Save image table to file.
[ 2016-04-16 17:32:44.9080215 +0800 CST ] Recovery 5 image files.
[ 2016-04-16 17:32:44.9180215 +0800 CST ] Recovery 2 Tables.
[ 2016-04-16 17:38:31.9762253 +0800 CST ] Begin Restore.
[ 2016-04-16 17:38:31.9782249 +0800 CST ] Save image table to file.
[ 2016-04-16 17:38:44.2036114 +0800 CST ] Recovery 5 image files.
[ 2016-04-16 17:38:44.2145784 +0800 CST ] Recovery 2 Tables.
[ 2016-04-16 17:47:50.3794017 +0800 CST ] Begin Restore.
[ 2016-04-16 17:47:50.3794017 +0800 CST ] Save image table to file.
[ 2016-04-16 17:48:53.7465262 +0800 CST ] Recovery 5 image files.
[ 2016-04-16 17:48:53.7584955 +0800 CST ] Recovery 2 Tables.
[ 2016-04-16 18:20:17.9325571 +0800 CST ] Begin Restore.
[ 2016-04-16 18:20:17.933562 +0800 CST ] Save image table to file.
[ 2016-04-16 18:20:49.863766 +0800 CST ] Recovery 5 image files.
[ 2016-04-16 18:20:49.8747661 +0800 CST ] Recovery 2 Tables.
[ 2016-04-16 18:24:57.2724568 +0800 CST ] Begin Restore.
[ 2016-04-16 18:24:57.2724568 +0800 CST ] Save image table to file.
[ 2016-04-16 18:25:57.1495965 +0800 CST ] Recovery 5 image files.
[ 2016-04-16 18:25:57.163593 +0800 CST ] Recovery 2 Tables.
[ 2016-04-16 18:31:51.773227 +0800 CST ] Begin Restore.
[ 2016-04-16 18:31:51.7742226 +0800 CST ] Save image table to file.
[ 2016-04-16 18:32:03.6951326 +0800 CST ] Recovery 5 image files.
[ 2016-04-16 18:32:03.7061281 +0800 CST ] Recovery 2 Tables.
[ 2016-04-16 18:34:47.5093748 +0800 CST ] Begin Restore.
[ 2016-04-16 18:34:47.5103735 +0800 CST ] Save image table to file.
[ 2016-04-16 18:35:00.2405437 +0800 CST ] Recovery 5 image files.
[ 2016-04-16 18:35:00.2515563 +0800 CST ] Recovery 2 Tables.
[ 2016-04-16 18:35:47.774506 +0800 CST ] Recovery 5 image files.
[ 2016-04-16 18:35:47.7875159 +0800 CST ] Recovery 2 Tables.
[ 2016-04-16 18:38:18.1801381 +0800 CST ] Recovery 5 image files.
[ 2016-04-16 18:38:18.1911364 +0800 CST ] Recovery 2 Tables.
[ 2016-04-16 18:39:50.3121475 +0800 CST ] Begin Restore.
[ 2016-04-16 18:39:50.3131498 +0800 CST ] Save image table to file.
[ 2016-04-16 18:40:00.7930806 +0800 CST ] Recovery 5 image files.
[ 2016-04-16 18:40:00.8040766 +0800 CST ] Recovery 2 Tables.
[ 2016-04-16 18:40:54.1734681 +0800 CST ] Begin Restore.
[ 2016-04-16 18:40:54.1744677 +0800 CST ] Save image table to file.
[ 2016-04-16 18:41:07.0496179 +0800 CST ] Recovery 5 image files.
[ 2016-04-16 18:41:07.0606421 +0800 CST ] Recovery 2 Tables.
[ 2016-04-16 18:42:42.1375865 +0800 CST ] Begin Restore.
[ 2016-04-16 18:42:42.1385875 +0800 CST ] Save image table to file.
[ 2016-04-16 18:43:00.6892764 +0800 CST ] Recovery 5 image files.
[ 2016-04-16 18:43:00.7002769 +0800 CST ] Recovery 2 Tables.
[ 2016-04-16 18:45:07.3051012 +0800 CST ] Begin Restore.
[ 2016-04-16 18:45:07.3081031 +0800 CST ] Save image table to file.
[ 2016-04-16 18:45:18.1303818 +0800 CST ] Recovery 5 image files.
[ 2016-04-16 18:45:18.1413676 +0800 CST ] Recovery 2 Tables.
[ 2016-04-16 18:52:27.3811237 +0800 CST ] Begin Restore.
[ 2016-04-16 18:52:27.3831546 +0800 CST ] Save image table to file.
[ 2016-04-16 18:52:50.5602761 +0800 CST ] Recovery 5 image files.
[ 2016-04-16 18:52:50.5742736 +0800 CST ] Recovery 2 Tables.
[ 2016-04-16 18:57:01.2490746 +0800 CST ] Begin Restore.
[ 2016-04-16 18:57:01.250076 +0800 CST ] Save image table to file.
[ 2016-04-16 18:57:19.3289974 +0800 CST ] Recovery 5 image files.
[ 2016-04-16 18:57:19.3399787 +0800 CST ] Recovery 2 Tables.
[ 2016-04-16 18:58:17.5464156 +0800 CST ] Begin Restore.
[ 2016-04-16 18:58:17.548426 +0800 CST ] Save image table to file.
[ 2016-04-16 19:50:47.287414 +0800 CST ] Recovery 5 image files.
[ 2016-04-16 19:50:47.3014124 +0800 CST ] Recovery 2 Tables.
[ 2016-04-16 19:50:48.062779 +0800 CST ] Get Signal:interrupt, Safe Exiting...
[ 2016-04-16 19:50:48.062779 +0800 CST ] Begin Restore.
[ 2016-04-16 19:50:48.0637795 +0800 CST ] Save image table to file.
[ 2016-04-16 19:50:48.0677815 +0800 CST ] Restore Finished.
[ 2016-04-16 19:50:52.1134586 +0800 CST ] Begin Restore.
[ 2016-04-16 19:50:52.1134586 +0800 CST ] Save image table to file.
[ 2016-04-16 19:51:04.4860827 +0800 CST ] Recovery 5 image files.
[ 2016-04-16 19:51:04.4960938 +0800 CST ] Recovery 2 Tables.
[ 2016-04-16 19:53:32.3729086 +0800 CST ] Begin Restore.
[ 2016-04-16 19:53:32.3739096 +0800 CST ] Save image table to file.
[ 2016-04-16 19:53:49.6696405 +0800 CST ] Recovery 5 image files.
[ 2016-04-16 19:53:49.6806941 +0800 CST ] Recovery 2 Tables.
[ 2016-04-16 19:54:41.3033241 +0800 CST ] Begin Restore.
[ 2016-04-16 19:54:41.3043362 +0800 CST ] Save image table to file.
